[debug] [2020-12-11T08:50:53.574Z] ----------------------------------------------------------------------
[debug] [2020-12-11T08:50:53.581Z] Command:       /home/sparshs/.nvm/versions/node/v14.15.0/bin/node /home/sparshs/.nvm/versions/node/v14.15.0/bin/firebase deploy
[debug] [2020-12-11T08:50:53.582Z] CLI Version:   8.17.0
[debug] [2020-12-11T08:50:53.583Z] Platform:      linux
[debug] [2020-12-11T08:50:53.583Z] Node Version:  v14.15.0
[debug] [2020-12-11T08:50:53.584Z] Time:          Fri Dec 11 2020 14:20:53 GMT+0530 (India Standard Time)
[debug] [2020-12-11T08:50:53.585Z] ----------------------------------------------------------------------
[debug] [2020-12-11T08:50:53.585Z] 
[debug] [2020-12-11T08:50:53.590Z] >>> [apiv2][query] GET https://firebase-public.firebaseio.com/cli.json [none]
[debug] [2020-12-11T08:50:53.631Z] > command requires scopes: ["email","openid","https://www.googleapis.com/auth/cloudplatformprojects.readonly","https://www.googleapis.com/auth/firebase","https://www.googleapis.com/auth/cloud-platform"]
[debug] [2020-12-11T08:50:53.631Z] > authorizing via signed-in user
[debug] [2020-12-11T08:50:53.631Z] [iam] checking project hall2-iitk-website for permissions ["firebase.projects.get","firebasehosting.sites.update"]
[debug] [2020-12-11T08:50:53.632Z] > refreshing access token with scopes: ["email","https://www.googleapis.com/auth/cloud-platform","https://www.googleapis.com/auth/cloudplatformprojects.readonly","https://www.googleapis.com/auth/firebase","openid"]
[debug] [2020-12-11T08:50:53.632Z] >>> HTTP REQUEST POST https://www.googleapis.com/oauth2/v3/token  
 <request body omitted>
[debug] [2020-12-11T08:50:54.100Z] <<< HTTP RESPONSE 200 {"cache-control":"no-cache, no-store, max-age=0, must-revalidate","pragma":"no-cache","date":"Fri, 11 Dec 2020 08:50:53 GMT","expires":"Mon, 01 Jan 1990 00:00:00 GMT","content-type":"application/json; charset=utf-8","vary":"X-Origin, Referer, Origin,Accept-Encoding","server":"scaffolding on HTTPServer2","x-xss-protection":"0","x-frame-options":"SAMEORIGIN","x-content-type-options":"nosniff","alt-svc":"h3-29=\":443\"; ma=2592000,h3-T051=\":443\"; ma=2592000,h3-Q050=\":443\"; ma=2592000,h3-Q046=\":443\"; ma=2592000,h3-Q043=\":443\"; ma=2592000,quic=\":443\"; ma=2592000; v=\"46,43\"","accept-ranges":"none","transfer-encoding":"chunked"}
[debug] [2020-12-11T08:50:54.142Z] >>> HTTP REQUEST POST https://cloudresourcemanager.googleapis.com/v1/projects/hall2-iitk-website:testIamPermissions  
 {"permissions":["firebase.projects.get","firebasehosting.sites.update"]}
[debug] [2020-12-11T08:50:55.043Z] <<< [apiv2][status] GET https://firebase-public.firebaseio.com/cli.json 200
[debug] [2020-12-11T08:50:55.044Z] <<< [apiv2][body] GET https://firebase-public.firebaseio.com/cli.json {"cloudBuildErrorAfter":1594252800000,"cloudBuildWarnAfter":1590019200000,"defaultNode10After":1594252800000,"minVersion":"3.0.5","node8DeploysDisabledAfter":1613390400000,"node8RuntimeDisabledAfter":1615809600000,"node8WarnAfter":1600128000000}
[debug] [2020-12-11T08:50:56.058Z] <<< HTTP RESPONSE 200 {"content-type":"application/json; charset=UTF-8","vary":"X-Origin, Referer, Origin,Accept-Encoding","date":"Fri, 11 Dec 2020 08:50:55 GMT","server":"ESF","cache-control":"private","x-xss-protection":"0","x-frame-options":"SAMEORIGIN","x-content-type-options":"nosniff","server-timing":"gfet4t7; dur=1492","alt-svc":"h3-29=\":443\"; ma=2592000,h3-T051=\":443\"; ma=2592000,h3-Q050=\":443\"; ma=2592000,h3-Q046=\":443\"; ma=2592000,h3-Q043=\":443\"; ma=2592000,quic=\":443\"; ma=2592000; v=\"46,43\"","accept-ranges":"none","transfer-encoding":"chunked"}
[debug] [2020-12-11T08:50:56.060Z] >>> HTTP REQUEST GET https://firebase.googleapis.com/v1beta1/projects/hall2-iitk-website  
 
[debug] [2020-12-11T08:50:56.571Z] <<< HTTP RESPONSE 200 {"content-type":"application/json; charset=UTF-8","vary":"X-Origin, Referer, Origin,Accept-Encoding","date":"Fri, 11 Dec 2020 08:50:56 GMT","server":"ESF","cache-control":"private","x-xss-protection":"0","x-frame-options":"SAMEORIGIN","x-content-type-options":"nosniff","alt-svc":"h3-29=\":443\"; ma=2592000,h3-T051=\":443\"; ma=2592000,h3-Q050=\":443\"; ma=2592000,h3-Q046=\":443\"; ma=2592000,h3-Q043=\":443\"; ma=2592000,quic=\":443\"; ma=2592000; v=\"46,43\"","accept-ranges":"none","transfer-encoding":"chunked"}
[info] 
[info] === Deploying to 'hall2-iitk-website'...
[info] 
[info] i  deploying hosting 
[debug] [2020-12-11T08:50:56.577Z] >>> HTTP REQUEST POST https://firebasehosting.googleapis.com/v1beta1/sites/hall2-iitk-website/versions  
 {"config":{"rewrites":[{"glob":"**","path":"/index.html"}]},"labels":{"deployment-tool":"cli-firebase"}}
